<?xml version="1.0" encoding="UTF-8"?>
<!-- Generated by org.testng.reporters.JUnitReportReporter -->
<testsuite hostname="DESKTOP-FNFV15V" failures="0" tests="2" name="com.testngFeatures.AssertTest" time="0.124" errors="0" timestamp="2024-02-12T15:01:58 IST" skipped="0">
  <testcase classname="com.testngFeatures.AssertTest" name="f2" time="0.013"/>
  <testcase classname="com.testngFeatures.AssertTest" name="f1" time="0.111"/>
</testsuite> <!-- com.testngFeatures.AssertTest -->
