<?xml version="1.0" encoding="UTF-8"?>
<!-- Generated by org.testng.reporters.JUnitReportReporter -->
<testsuite hostname="DESKTOP-FNFV15V" failures="0" tests="1" name="com.testngFeatures.ParameterizedTest" time="0.022" errors="0" timestamp="2024-02-12T14:39:58 IST" skipped="0">
  <testcase classname="com.testngFeatures.ParameterizedTest" name="loginparam" time="0.022"/>
</testsuite> <!-- com.testngFeatures.ParameterizedTest -->
