<?xml version="1.0" encoding="UTF-8"?>
<!-- Generated by org.testng.reporters.JUnitReportReporter -->
<testsuite hostname="DESKTOP-FNFV15V" failures="0" tests="2" name="com.testngFeatures.ParallelTest" time="43.493" errors="0" timestamp="2024-02-12T14:23:08 IST" skipped="0">
  <testcase classname="com.testngFeatures.ParallelTest" name="edgeTest" time="25.664"/>
  <testcase classname="com.testngFeatures.ParallelTest" name="chromeTest" time="17.829"/>
</testsuite> <!-- com.testngFeatures.ParallelTest -->
