<?xml version="1.0" encoding="UTF-8"?>
<!-- Generated by org.testng.reporters.JUnitReportReporter -->
<testsuite hostname="DESKTOP-FNFV15V" failures="0" tests="3" name="com.testngFeatures.DataProviderTest" time="0.044" errors="0" timestamp="2024-02-12T14:50:24 IST" skipped="0">
  <testcase classname="com.testngFeatures.DataProviderTest" name="loginparam" time="0.016"/>
  <testcase classname="com.testngFeatures.DataProviderTest" name="loginparam" time="0.018"/>
  <testcase classname="com.testngFeatures.DataProviderTest" name="loginparam" time="0.010"/>
</testsuite> <!-- com.testngFeatures.DataProviderTest -->
