<?xml version="1.0" encoding="UTF-8"?>
<!-- Generated by org.testng.reporters.JUnitReportReporter -->
<testsuite hostname="DESKTOP-FNFV15V" failures="0" tests="1" name="com.testngFeatures.PriorityTest" time="0.074" errors="0" timestamp="2024-02-09T14:26:23 IST" skipped="0">
  <testcase classname="com.testngFeatures.PriorityTest" name="f1" time="0.074"/>
</testsuite> <!-- com.testngFeatures.PriorityTest -->
