<?xml version="1.0" encoding="UTF-8"?>
<!-- Generated by org.testng.reporters.JUnitReportReporter -->
<testsuite hostname="DESKTOP-FNFV15V" failures="0" tests="2" name="com.testngFeatures.STCMAnnotations" time="0.044" errors="0" timestamp="2024-02-08T14:34:14 IST" skipped="0">
  <testcase classname="com.testngFeatures.STCMAnnotations" name="f1" time="0.036"/>
  <testcase classname="com.testngFeatures.STCMAnnotations" name="f2" time="0.008"/>
</testsuite> <!-- com.testngFeatures.STCMAnnotations -->
