<?xml version="1.0" encoding="UTF-8"?>
<!-- Generated by org.testng.reporters.JUnitReportReporter -->
<testsuite hostname="DESKTOP-FNFV15V" failures="0" tests="4" name="com.testngFeatures.GroupTest" time="0.238" errors="0" timestamp="2024-02-14T14:24:00 IST" skipped="0">
  <testcase classname="com.testngFeatures.GroupTest" name="f4" time="0.012"/>
  <testcase classname="com.testngFeatures.GroupTest" name="f5" time="0.170"/>
  <testcase classname="com.testngFeatures.GroupTest" name="f3" time="0.039"/>
  <testcase classname="com.testngFeatures.GroupTest" name="f6" time="0.017"/>
</testsuite> <!-- com.testngFeatures.GroupTest -->
